2023-05-15T12:58:35.061Z - info: [ui] [AppStore] loading 0 repositories from store
2023-05-15T12:58:35.150Z - info: [ui] [Welcome] no sign in step found. ignoring...
2023-05-15T12:58:35.191Z - info: [ui] launching: 3.2.1-linux1 (Linux 6.1.26-1-MANJARO)
2023-05-15T12:58:35.196Z - info: [ui] execPath: '/opt/github-desktop/github-desktop'
2023-05-15T12:58:35.272Z - info: [ui] [Welcome] no sign in step found. ignoring...
2023-05-15T12:58:35.287Z - info: [ui] [Welcome] no sign in step found. ignoring...
2023-05-15T12:58:35.327Z - info: [ui] Opt in reported.
2023-05-15T12:58:36.927Z - info: [ui] [Welcome] advancing to step: SignInToDotComWithBrowser
2023-05-15T12:58:36.929Z - info: [ui] [SignInStore] initializing OAuth flow
2023-05-15T12:58:36.938Z - info: [main] opening in browser: https://github.com/login/oauth/authorize?client_id=3a723b10ac5575cc5bb9&scope=repo%20user%20workflow&state=a0199cc7-ebc0-48d2-863a-ec15bce99282
2023-05-15T12:58:36.940Z - info: [ui] [Welcome] current sign in state not found. ignoring...
2023-05-15T12:58:40.396Z - info: [ui] [Welcome] kind Authentication is the same as Authentication. ignoring...
2023-05-15T12:58:56.533Z - info: [main] Received possible protocol arguments: 3
2023-05-15T12:58:56.534Z - info: [main] Processing protocol url
2023-05-15T12:58:56.554Z - info: [ui] [Dispatcher] requesting authenticated user
2023-05-15T12:58:56.559Z - info: [ui] [Welcome] kind Authentication is the same as Authentication. ignoring...
2023-05-15T12:58:56.569Z - info: [ui] [Welcome] kind Authentication is the same as Authentication. ignoring...
2023-05-15T12:58:56.856Z - info: [main] Received possible protocol arguments: 2
2023-05-15T12:58:56.868Z - info: [main] Processing protocol url
2023-05-15T12:58:57.264Z - info: [ui] [SignInStore] account resolved
2023-05-15T12:58:57.267Z - info: [ui] [AppStore] adding account nils-dambowy (Nils) to store
2023-05-15T12:58:57.281Z - info: [ui] [Welcome] advancing to step: ConfigureGit
2023-05-15T12:58:57.458Z - info: [ui] [Welcome] no sign in step found. ignoring...
2023-05-15T12:58:57.796Z - info: [ui] Subscribed 'nils-dambowy' to Alive channel
2023-05-15T12:58:57.941Z - info: [ui] [Welcome] no sign in step found. ignoring...
2023-05-15T12:58:57.997Z - info: [ui] [Welcome] no sign in step found. ignoring...
2023-05-15T12:59:00.508Z - info: [ui] [Welcome] no sign in step found. ignoring...
2023-05-15T12:59:24.798Z - info: [ui] [AppStore.getAccountForRemoteURL] account found for remote: https://github.com/nils-dambowy/Machine-Learning.git - nils-dambowy (has token)
2023-05-15T12:59:25.648Z - info: [ui] [AppStore] adding repository at /home/nils/Documents/GitHub/Machine-Learning to store
2023-05-15T12:59:26.699Z - info: [ui] [BranchPruner] No branches to prune.
2023-05-15T13:00:54.703Z - info: [ui] [AppStore.withAuthenticatingUser] account found for repository: Machine-Learning - nils-dambowy (has token)
2023-05-15T13:02:01.574Z - info: [ui] [RepositoryIndicatorUpdater]: Refreshing sidebar indicators for 1 repositories took 1.4s of which 65.8s paused, total 67.2s
