2023-05-15 14:50:33.168 [info] Added views:workbench.panel.markers.view in workbench.panel.markers
2023-05-15 14:50:33.168 [info] Added views:workbench.panel.output in workbench.panel.output
2023-05-15 14:50:33.168 [info] Added views:terminal in terminal
2023-05-15 14:50:33.168 [info] Added views:outline in workbench.view.explorer
2023-05-15 14:50:33.168 [info] Added views:workbench.scm in workbench.view.scm
2023-05-15 14:50:33.168 [info] Added views:workbench.view.search in workbench.view.search
2023-05-15 14:50:33.168 [info] Added views:timeline in workbench.view.explorer
2023-05-15 14:50:33.168 [info] Added views:workbench.explorer.emptyView in workbench.view.explorer
2023-05-15 14:50:33.724 [info] Added views:workbench.debug.variablesView,workbench.debug.watchExpressionsView,workbench.debug.callStackView,workbench.debug.breakPointsView in workbench.view.debug
2023-05-15 14:50:34.599 [info] Added views:workbench.panel.repl.view in workbench.panel.repl
2023-05-15 14:50:34.599 [info] Removed views:workbench.debug.breakPointsView,workbench.debug.callStackView,workbench.debug.watchExpressionsView,workbench.debug.variablesView from workbench.view.debug
2023-05-15 14:50:34.599 [info] Added views:workbench.debug.welcome in workbench.view.debug
2023-05-15 14:50:44.414 [info] Added views:workbench.views.extensions.installed,workbench.views.extensions.popular,extensions.recommendedList in workbench.view.extensions
2023-05-15 14:50:44.417 [info] Removed views:workbench.views.extensions.popular from workbench.view.extensions
2023-05-15 14:50:45.114 [info] Removed views:extensions.recommendedList,workbench.views.extensions.installed from workbench.view.extensions
2023-05-15 14:50:45.169 [info] Added views:workbench.views.extensions.marketplace in workbench.view.extensions
2023-05-15 14:51:04.593 [info] Added views:workbench.view.testing in workbench.view.extension.test
2023-05-15 14:52:19.364 [info] Removed views:workbench.view.testing from workbench.view.extension.test
2023-05-15 14:52:19.597 [info] Added views:workbench.view.testing in workbench.view.extension.test
2023-05-15 14:59:29.584 [info] Removed views:workbench.view.testing from workbench.view.extension.test
